Flow report for AULA1
Sun Apr 10 16:55:01 2022
Quartus Prime Version 21.1.0 Build 842 10/21/2021 SJ Lite Edition


---------------------
; Table of Contents ;
---------------------
  1. Legal Notice
  2. Flow Summary
  3. Flow Settings
  4. Flow Non-Default Global Settings
  5. Flow Elapsed Time
  6. Flow OS Summary
  7. Flow Log
  8. Flow Messages
  9. Flow Suppressed Messages



----------------
; Legal Notice ;
----------------
Copyright (C) 2021  Intel Corporation. All rights reserved.
Your use of Intel Corporation's design tools, logic functions 
and other software and tools, and any partner logic 
functions, and any output files from any of the foregoing 
(including device programming or simulation files), and any 
associated documentation or information are expressly subject 
to the terms and conditions of the Intel Program License 
Subscription Agreement, the Intel Quartus Prime License Agreement,
the Intel FPGA IP License Agreement, or other applicable license
agreement, including, without limitation, that your use is for
the sole purpose of programming logic devices manufactured by
Intel and sold by Intel or its authorized distributors.  Please
refer to the applicable agreement for further details, at
https://fpgasoftware.intel.com/eula.



+---------------------------------------------------------------------+
; Flow Summary                                                        ;
+-----------------------+---------------------------------------------+
; Flow Status           ; Successful - Sun Apr 10 16:54:59 2022       ;
; Quartus Prime Version ; 21.1.0 Build 842 10/21/2021 SJ Lite Edition ;
; Revision Name         ; AULA1                                       ;
; Top-level Entity Name ; Ckt74161                                    ;
; Family                ; MAX II                                      ;
; Device                ; EPM240F100C4                                ;
; Timing Models         ; Final                                       ;
; Total logic elements  ; 6 / 240 ( 3 % )                             ;
; Total pins            ; 14 / 80 ( 18 % )                            ;
; Total virtual pins    ; 0                                           ;
; UFM blocks            ; 0 / 1 ( 0 % )                               ;
+-----------------------+---------------------------------------------+


+-----------------------------------------+
; Flow Settings                           ;
+-------------------+---------------------+
; Option            ; Setting             ;
+-------------------+---------------------+
; Start date & time ; 04/10/2022 16:54:45 ;
; Main task         ; Compilation         ;
; Revision Name     ; AULA1               ;
+-------------------+---------------------+


+------------------------------------------------------------------------------------------------------------------+
; Flow Non-Default Global Settings                                                                                 ;
+---------------------------------------+-------------------------------+---------------+-------------+------------+
; Assignment Name                       ; Value                         ; Default Value ; Entity Name ; Section Id ;
+---------------------------------------+-------------------------------+---------------+-------------+------------+
; COMPILER_SIGNATURE_ID                 ; 5311869255270.164962048516124 ; --            ; --          ; --         ;
; MAX_CORE_JUNCTION_TEMP                ; 85                            ; --            ; --          ; --         ;
; MIN_CORE_JUNCTION_TEMP                ; 0                             ; --            ; --          ; --         ;
; POWER_EXT_SUPPLY_VOLTAGE_TO_REGULATOR ; 3.3V                          ; --            ; --          ; --         ;
; PROJECT_OUTPUT_DIRECTORY              ; output_files                  ; --            ; --          ; --         ;
; TOP_LEVEL_ENTITY                      ; Ckt74161                      ; AULA1         ; --          ; --         ;
+---------------------------------------+-------------------------------+---------------+-------------+------------+


+--------------------------------------------------------------------------------------------------------------------------+
; Flow Elapsed Time                                                                                                        ;
+----------------------+--------------+-------------------------+---------------------+------------------------------------+
; Module Name          ; Elapsed Time ; Average Processors Used ; Peak Virtual Memory ; Total CPU Time (on all processors) ;
+----------------------+--------------+-------------------------+---------------------+------------------------------------+
; Analysis & Synthesis ; 00:00:11     ; 1.0                     ; 4715 MB             ; 00:00:27                           ;
; Fitter               ; 00:00:02     ; 1.0                     ; 5716 MB             ; 00:00:02                           ;
; Assembler            ; 00:00:00     ; 1.0                     ; 4682 MB             ; 00:00:00                           ;
; Timing Analyzer      ; 00:00:01     ; 1.0                     ; 4677 MB             ; 00:00:01                           ;
; Total                ; 00:00:14     ; --                      ; --                  ; 00:00:30                           ;
+----------------------+--------------+-------------------------+---------------------+------------------------------------+


+------------------------------------------------------------------------------------+
; Flow OS Summary                                                                    ;
+----------------------+------------------+------------+------------+----------------+
; Module Name          ; Machine Hostname ; OS Name    ; OS Version ; Processor type ;
+----------------------+------------------+------------+------------+----------------+
; Analysis & Synthesis ; DESKTOP-I2J7P2C  ; Windows 10 ; 10.0       ; x86_64         ;
; Fitter               ; DESKTOP-I2J7P2C  ; Windows 10 ; 10.0       ; x86_64         ;
; Assembler            ; DESKTOP-I2J7P2C  ; Windows 10 ; 10.0       ; x86_64         ;
; Timing Analyzer      ; DESKTOP-I2J7P2C  ; Windows 10 ; 10.0       ; x86_64         ;
+----------------------+------------------+------------+------------+----------------+


------------
; Flow Log ;
------------
quartus_map --read_settings_files=on --write_settings_files=off AULA1 -c AULA1
quartus_fit --read_settings_files=off --write_settings_files=off AULA1 -c AULA1
quartus_asm --read_settings_files=off --write_settings_files=off AULA1 -c AULA1
quartus_sta AULA1 -c AULA1



